<?xml version="1.0" encoding="UTF-8"?>
<!-- Generated by org.testng.reporters.JUnitReportReporter -->
<testsuite skipped="0" hostname="RAVIRAJ" name="Test.LoginTest" tests="1" failures="0" timestamp="07 Feb 2021 08:44:16 GMT" time="58.939" errors="0">
  <testcase name="login" time="58.939" classname="Test.LoginTest"/>
</testsuite> <!-- Test.LoginTest -->
